[goweb-demo]2021/11/04 - 09:09:00.258	[34minfo[0m	/Users/zero/work/mygithub/goweb-gin-demo/initialize/router.go:47	router register success
[goweb-demo]2021/11/04 - 09:09:00.259	[34minfo[0m	/Users/zero/work/mygithub/goweb-gin-demo/core/server.go:31	server run success on 	{"address": ":8889"}
[goweb-demo]2021/11/04 - 09:55:58.252	[31merror[0m	/Users/zero/work/mygithub/goweb-gin-demo/core/server.go:38	accept tcp [::]:8889: use of closed network connection
[goweb-demo]2021/11/04 - 11:10:53.616	[34minfo[0m	/Users/zero/work/mygithub/goweb-gin-demo/initialize/router.go:47	router register success
[goweb-demo]2021/11/04 - 11:10:53.618	[34minfo[0m	/Users/zero/work/mygithub/goweb-gin-demo/core/server.go:31	server run success on 	{"address": ":8889"}
[goweb-demo]2021/11/04 - 11:51:41.571	[34minfo[0m	/Users/zero/work/mygithub/goweb-gin-demo/initialize/router.go:47	router register success
[goweb-demo]2021/11/04 - 11:51:41.572	[34minfo[0m	/Users/zero/work/mygithub/goweb-gin-demo/core/server.go:31	server run success on 	{"address": ":8889"}
[goweb-demo]2021/11/04 - 12:08:30.100	[31merror[0m	/Users/zero/work/mygithub/goweb-gin-demo/core/server.go:38	accept tcp [::]:8889: use of closed network connection
[goweb-demo]2021/11/04 - 12:08:38.533	[34minfo[0m	/Users/zero/work/mygithub/goweb-gin-demo/initialize/router.go:47	router register success
[goweb-demo]2021/11/04 - 12:08:38.534	[34minfo[0m	/Users/zero/work/mygithub/goweb-gin-demo/core/server.go:31	server run success on 	{"address": ":8889"}
[goweb-demo]2021/11/04 - 13:09:04.755	[31merror[0m	/Users/zero/work/mygithub/goweb-gin-demo/core/server.go:38	accept tcp [::]:8889: use of closed network connection
[goweb-demo]2021/11/04 - 13:09:14.861	[34minfo[0m	/Users/zero/work/mygithub/goweb-gin-demo/initialize/router.go:47	router register success
[goweb-demo]2021/11/04 - 13:09:14.863	[34minfo[0m	/Users/zero/work/mygithub/goweb-gin-demo/core/server.go:31	server run success on 	{"address": ":8889"}
[goweb-demo]2021/11/04 - 13:09:22.503	[34minfo[0m	/Users/zero/work/mygithub/goweb-gin-demo/initialize/router.go:47	router register success
[goweb-demo]2021/11/04 - 13:09:22.505	[34minfo[0m	/Users/zero/work/mygithub/goweb-gin-demo/core/server.go:31	server run success on 	{"address": ":8889"}
[goweb-demo]2021/11/04 - 13:09:22.506	[31merror[0m	/Users/zero/work/mygithub/goweb-gin-demo/core/server.go:38	net.Listen error: listen tcp :8889: bind: address already in use
[goweb-demo]2021/11/04 - 13:09:58.761	[31merror[0m	/Users/zero/work/mygithub/goweb-gin-demo/core/server.go:38	accept tcp [::]:8889: use of closed network connection
[goweb-demo]2021/11/04 - 13:10:06.971	[34minfo[0m	/Users/zero/work/mygithub/goweb-gin-demo/initialize/router.go:47	router register success
[goweb-demo]2021/11/04 - 13:10:06.973	[34minfo[0m	/Users/zero/work/mygithub/goweb-gin-demo/core/server.go:31	server run success on 	{"address": ":8889"}
[goweb-demo]2021/11/04 - 14:17:23.495	[34minfo[0m	/Users/zero/work/mygithub/goweb-gin-demo/initialize/router.go:47	router register success
[goweb-demo]2021/11/04 - 14:17:23.500	[34minfo[0m	/Users/zero/work/mygithub/goweb-gin-demo/core/server.go:31	server run success on 	{"address": ":8889"}
[goweb-demo]2021/11/04 - 14:20:01.880	[34minfo[0m	/Users/zero/work/mygithub/goweb-gin-demo/initialize/router.go:47	router register success
[goweb-demo]2021/11/04 - 14:20:01.882	[34minfo[0m	/Users/zero/work/mygithub/goweb-gin-demo/core/server.go:31	server run success on 	{"address": ":8889"}
[goweb-demo]2021/11/04 - 14:21:18.585	[34minfo[0m	/Users/zero/work/mygithub/goweb-gin-demo/initialize/router.go:47	router register success
[goweb-demo]2021/11/04 - 14:21:18.586	[34minfo[0m	/Users/zero/work/mygithub/goweb-gin-demo/core/server.go:31	server run success on 	{"address": ":8889"}
[goweb-demo]2021/11/04 - 14:23:51.950	[34minfo[0m	/Users/zero/work/mygithub/goweb-gin-demo/initialize/router.go:47	router register success
[goweb-demo]2021/11/04 - 14:23:51.950	[34minfo[0m	/Users/zero/work/mygithub/goweb-gin-demo/core/server.go:31	server run success on 	{"address": ":8889"}
[goweb-demo]2021/11/04 - 14:25:02.885	[34minfo[0m	/Users/zero/work/mygithub/goweb-gin-demo/initialize/router.go:47	router register success
[goweb-demo]2021/11/04 - 14:25:02.886	[34minfo[0m	/Users/zero/work/mygithub/goweb-gin-demo/core/server.go:31	server run success on 	{"address": ":8889"}
[goweb-demo]2021/11/04 - 15:34:47.410	[31merror[0m	/Users/zero/work/mygithub/goweb-gin-demo/core/server.go:38	accept tcp [::]:8889: use of closed network connection
[goweb-demo]2021/11/04 - 15:34:54.837	[34minfo[0m	/Users/zero/work/mygithub/goweb-gin-demo/initialize/router.go:47	router register success
[goweb-demo]2021/11/04 - 15:34:54.839	[34minfo[0m	/Users/zero/work/mygithub/goweb-gin-demo/core/server.go:31	server run success on 	{"address": ":8889"}
[goweb-demo]2021/11/04 - 15:40:31.044	[31merror[0m	/Users/zero/work/mygithub/goweb-gin-demo/api/web/file_upload_download.go:30	接收文件失败!	{"err": "http: no such file"}
[goweb-demo]2021/11/04 - 15:50:41.996	[31merror[0m	/Users/zero/work/mygithub/goweb-gin-demo/api/web/file_upload_download.go:30	接收文件失败!	{"err": "request Content-Type isn't multipart/form-data"}
[goweb-demo]2021/11/04 - 16:12:37.547	[31merror[0m	/Users/zero/work/mygithub/goweb-gin-demo/api/web/file_upload_download.go:83	删除失败!	{"err": "record not found"}
[goweb-demo]2021/11/04 - 18:38:20.445	[31merror[0m	/Users/zero/work/mygithub/goweb-gin-demo/api/wt/reports.go:30	创建失败!	{"err": "Error 1062: Duplicate entry '100' for key 'PRIMARY'"}
[goweb-demo]2021/11/04 - 18:39:34.456	[31merror[0m	/Users/zero/work/mygithub/goweb-gin-demo/api/wt/reports.go:70	更新失败!	{"err": "Error 1292: Incorrect datetime value: '0000-00-00' for column 'created_at' at row 1"}
[goweb-demo]2021/11/04 - 18:46:01.001	[34minfo[0m	/Users/zero/work/mygithub/goweb-gin-demo/initialize/router.go:47	router register success
[goweb-demo]2021/11/04 - 18:46:01.003	[34minfo[0m	/Users/zero/work/mygithub/goweb-gin-demo/core/server.go:31	server run success on 	{"address": ":8889"}
[goweb-demo]2021/11/04 - 18:48:13.914	[31merror[0m	/Users/zero/work/mygithub/goweb-gin-demo/core/server.go:38	accept tcp [::]:8889: use of closed network connection
[goweb-demo]2021/11/04 - 18:48:21.666	[34minfo[0m	/Users/zero/work/mygithub/goweb-gin-demo/initialize/router.go:47	router register success
[goweb-demo]2021/11/04 - 18:48:21.668	[34minfo[0m	/Users/zero/work/mygithub/goweb-gin-demo/core/server.go:31	server run success on 	{"address": ":8889"}
[goweb-demo]2021/11/04 - 18:55:31.198	[31merror[0m	/Users/zero/work/mygithub/goweb-gin-demo/core/server.go:38	accept tcp [::]:8889: use of closed network connection
[goweb-demo]2021/11/04 - 18:55:39.242	[34minfo[0m	/Users/zero/work/mygithub/goweb-gin-demo/initialize/router.go:47	router register success
[goweb-demo]2021/11/04 - 18:55:39.244	[34minfo[0m	/Users/zero/work/mygithub/goweb-gin-demo/core/server.go:31	server run success on 	{"address": ":8889"}
[goweb-demo]2021/11/04 - 18:58:49.191	[31merror[0m	/Users/zero/work/mygithub/goweb-gin-demo/api/wt/reports.go:90	查询失败!	{"err": "record not found"}
[goweb-demo]2021/11/04 - 19:08:20.085	[31merror[0m	/Users/zero/work/mygithub/goweb-gin-demo/core/server.go:38	accept tcp [::]:8889: use of closed network connection
[goweb-demo]2021/11/04 - 19:08:29.460	[34minfo[0m	/Users/zero/work/mygithub/goweb-gin-demo/initialize/router.go:47	router register success
[goweb-demo]2021/11/04 - 19:08:29.462	[34minfo[0m	/Users/zero/work/mygithub/goweb-gin-demo/core/server.go:31	server run success on 	{"address": ":8889"}
[goweb-demo]2021/11/04 - 19:09:01.818	[31merror[0m	/Users/zero/work/mygithub/goweb-gin-demo/api/wt/reports.go:91	查询失败!	{"err": "record not found"}
[goweb-demo]2021/11/04 - 19:19:56.154	[31merror[0m	/Users/zero/work/mygithub/goweb-gin-demo/core/server.go:38	accept tcp [::]:8889: use of closed network connection
[goweb-demo]2021/11/04 - 19:20:05.235	[34minfo[0m	/Users/zero/work/mygithub/goweb-gin-demo/initialize/router.go:47	router register success
[goweb-demo]2021/11/04 - 19:20:05.240	[34minfo[0m	/Users/zero/work/mygithub/goweb-gin-demo/core/server.go:31	server run success on 	{"address": ":8889"}
[goweb-demo]2021/11/04 - 19:24:25.980	[31merror[0m	/Users/zero/work/mygithub/goweb-gin-demo/core/server.go:38	accept tcp [::]:8889: use of closed network connection
[goweb-demo]2021/11/04 - 19:24:34.139	[34minfo[0m	/Users/zero/work/mygithub/goweb-gin-demo/initialize/router.go:47	router register success
[goweb-demo]2021/11/04 - 19:24:34.141	[34minfo[0m	/Users/zero/work/mygithub/goweb-gin-demo/core/server.go:31	server run success on 	{"address": ":8889"}
[goweb-demo]2021/11/04 - 19:33:31.774	[31merror[0m	/Users/zero/work/mygithub/goweb-gin-demo/core/server.go:38	accept tcp [::]:8889: use of closed network connection
[goweb-demo]2021/11/04 - 19:33:38.881	[34minfo[0m	/Users/zero/work/mygithub/goweb-gin-demo/initialize/router.go:47	router register success
[goweb-demo]2021/11/04 - 19:33:38.883	[34minfo[0m	/Users/zero/work/mygithub/goweb-gin-demo/core/server.go:31	server run success on 	{"address": ":8889"}
[goweb-demo]2021/11/04 - 19:41:20.592	[31merror[0m	/Users/zero/work/mygithub/goweb-gin-demo/core/server.go:38	accept tcp [::]:8889: use of closed network connection
[goweb-demo]2021/11/04 - 20:27:23.632	[34minfo[0m	/Users/zero/work/mygithub/goweb-gin-demo/initialize/router.go:47	router register success
[goweb-demo]2021/11/04 - 20:27:23.634	[34minfo[0m	/Users/zero/work/mygithub/goweb-gin-demo/core/server.go:31	server run success on 	{"address": ":8889"}
[goweb-demo]2021/11/04 - 20:31:18.604	[31merror[0m	/Users/zero/work/mygithub/goweb-gin-demo/core/server.go:38	accept tcp [::]:8889: use of closed network connection
[goweb-demo]2021/11/04 - 20:31:28.339	[34minfo[0m	/Users/zero/work/mygithub/goweb-gin-demo/initialize/router.go:47	router register success
[goweb-demo]2021/11/04 - 20:31:28.340	[34minfo[0m	/Users/zero/work/mygithub/goweb-gin-demo/core/server.go:31	server run success on 	{"address": ":8889"}
[goweb-demo]2021/11/04 - 20:32:54.516	[31merror[0m	/Users/zero/work/mygithub/goweb-gin-demo/core/server.go:38	accept tcp [::]:8889: use of closed network connection
[goweb-demo]2021/11/04 - 20:33:02.995	[34minfo[0m	/Users/zero/work/mygithub/goweb-gin-demo/initialize/router.go:47	router register success
[goweb-demo]2021/11/04 - 20:33:02.996	[34minfo[0m	/Users/zero/work/mygithub/goweb-gin-demo/core/server.go:31	server run success on 	{"address": ":8889"}
[goweb-demo]2021/11/04 - 20:35:22.380	[31merror[0m	/Users/zero/work/mygithub/goweb-gin-demo/core/server.go:38	accept tcp [::]:8889: use of closed network connection
[goweb-demo]2021/11/04 - 20:36:20.634	[34minfo[0m	/Users/zero/work/mygithub/goweb-gin-demo/initialize/router.go:47	router register success
[goweb-demo]2021/11/04 - 20:36:20.635	[34minfo[0m	/Users/zero/work/mygithub/goweb-gin-demo/core/server.go:31	server run success on 	{"address": ":8889"}
[goweb-demo]2021/11/04 - 21:15:27.283	[31merror[0m	/Users/zero/work/mygithub/goweb-gin-demo/core/server.go:38	accept tcp [::]:8889: use of closed network connection
[goweb-demo]2021/11/04 - 21:15:37.298	[34minfo[0m	/Users/zero/work/mygithub/goweb-gin-demo/initialize/router.go:47	router register success
[goweb-demo]2021/11/04 - 21:15:37.299	[34minfo[0m	/Users/zero/work/mygithub/goweb-gin-demo/core/server.go:31	server run success on 	{"address": ":8889"}
[goweb-demo]2021/11/04 - 21:17:26.176	[31merror[0m	/Users/zero/work/mygithub/goweb-gin-demo/core/server.go:38	accept tcp [::]:8889: use of closed network connection
[goweb-demo]2021/11/04 - 21:17:32.338	[34minfo[0m	/Users/zero/work/mygithub/goweb-gin-demo/initialize/router.go:47	router register success
[goweb-demo]2021/11/04 - 21:17:32.341	[34minfo[0m	/Users/zero/work/mygithub/goweb-gin-demo/core/server.go:31	server run success on 	{"address": ":8889"}
[goweb-demo]2021/11/04 - 21:18:41.619	[31merror[0m	/Users/zero/work/mygithub/goweb-gin-demo/core/server.go:38	accept tcp [::]:8889: use of closed network connection
[goweb-demo]2021/11/04 - 21:18:49.420	[34minfo[0m	/Users/zero/work/mygithub/goweb-gin-demo/initialize/router.go:47	router register success
[goweb-demo]2021/11/04 - 21:18:49.422	[34minfo[0m	/Users/zero/work/mygithub/goweb-gin-demo/core/server.go:31	server run success on 	{"address": ":8889"}
[goweb-demo]2021/11/04 - 21:20:11.514	[34minfo[0m	/Users/zero/work/mygithub/goweb-gin-demo/initialize/router.go:47	router register success
[goweb-demo]2021/11/04 - 21:20:11.519	[34minfo[0m	/Users/zero/work/mygithub/goweb-gin-demo/core/server.go:31	server run success on 	{"address": ":8889"}
[goweb-demo]2021/11/04 - 21:37:34.347	[31merror[0m	/Users/zero/work/mygithub/goweb-gin-demo/core/server.go:38	accept tcp [::]:8889: use of closed network connection
[goweb-demo]2021/11/04 - 21:38:30.752	[34minfo[0m	/Users/zero/work/mygithub/goweb-gin-demo/initialize/router.go:47	router register success
[goweb-demo]2021/11/04 - 21:38:30.754	[34minfo[0m	/Users/zero/work/mygithub/goweb-gin-demo/core/server.go:31	server run success on 	{"address": ":8889"}
[goweb-demo]2021/11/04 - 21:43:33.590	[31merror[0m	/Users/zero/work/mygithub/goweb-gin-demo/core/server.go:38	accept tcp [::]:8889: use of closed network connection
[goweb-demo]2021/11/04 - 21:43:40.525	[34minfo[0m	/Users/zero/work/mygithub/goweb-gin-demo/initialize/router.go:47	router register success
[goweb-demo]2021/11/04 - 21:43:40.528	[34minfo[0m	/Users/zero/work/mygithub/goweb-gin-demo/core/server.go:31	server run success on 	{"address": ":8889"}
[goweb-demo]2021/11/04 - 21:44:45.065	[31merror[0m	/Users/zero/work/mygithub/goweb-gin-demo/core/server.go:38	accept tcp [::]:8889: use of closed network connection
