[github.com/flipped-aurora/gin-vue-admin/server]2021/11/02 - 09:23:57.317	[34minfo[0m	/Users/zero/work/mygithub/goweb-gin-demo/initialize/router.go:43	router register success
[github.com/flipped-aurora/gin-vue-admin/server]2021/11/02 - 09:23:57.319	[34minfo[0m	/Users/zero/work/mygithub/goweb-gin-demo/core/server.go:31	server run success on 	{"address": ":8888"}
[github.com/flipped-aurora/gin-vue-admin/server]2021/11/02 - 09:26:03.968	[31merror[0m	/Users/zero/work/mygithub/goweb-gin-demo/core/server.go:38	accept tcp [::]:8888: use of closed network connection
[goweb-demo]2021/11/02 - 11:30:42.979	[34minfo[0m	/Users/zero/work/mygithub/goweb-gin-demo/initialize/router.go:43	router register success
[goweb-demo]2021/11/02 - 11:30:42.982	[34minfo[0m	/Users/zero/work/mygithub/goweb-gin-demo/core/server.go:31	server run success on 	{"address": ":8888"}
[goweb-demo]2021/11/02 - 11:30:44.819	[31merror[0m	/Users/zero/work/mygithub/goweb-gin-demo/core/server.go:38	accept tcp [::]:8888: use of closed network connection
[goweb-demo]2021/11/02 - 14:32:20.344	[34minfo[0m	/Users/zero/work/mygithub/goweb-gin-demo/initialize/router.go:43	router register success
[goweb-demo]2021/11/02 - 14:32:20.346	[34minfo[0m	/Users/zero/work/mygithub/goweb-gin-demo/core/server.go:31	server run success on 	{"address": ":8888"}
[goweb-demo]2021/11/02 - 14:32:20.347	[31merror[0m	/Users/zero/work/mygithub/goweb-gin-demo/core/server.go:38	net.Listen error: listen tcp :8888: bind: address already in use
[goweb-demo]2021/11/02 - 14:32:42.358	[34minfo[0m	/Users/zero/work/mygithub/goweb-gin-demo/initialize/router.go:43	router register success
[goweb-demo]2021/11/02 - 14:32:42.359	[34minfo[0m	/Users/zero/work/mygithub/goweb-gin-demo/core/server.go:31	server run success on 	{"address": ":8888"}
[goweb-demo]2021/11/02 - 14:59:57.739	[34minfo[0m	/Users/zero/work/mygithub/goweb-gin-demo/initialize/router.go:45	router register success
[goweb-demo]2021/11/02 - 14:59:57.742	[34minfo[0m	/Users/zero/work/mygithub/goweb-gin-demo/core/server.go:31	server run success on 	{"address": ":8889"}
[goweb-demo]2021/11/02 - 15:00:08.777	[31merror[0m	/Users/zero/work/mygithub/goweb-gin-demo/core/server.go:38	accept tcp [::]:8889: use of closed network connection
[goweb-demo]2021/11/02 - 15:00:15.664	[34minfo[0m	/Users/zero/work/mygithub/goweb-gin-demo/initialize/router.go:45	router register success
[goweb-demo]2021/11/02 - 15:00:15.666	[34minfo[0m	/Users/zero/work/mygithub/goweb-gin-demo/core/server.go:31	server run success on 	{"address": ":8889"}
[goweb-demo]2021/11/02 - 15:07:51.456	[31merror[0m	/Users/zero/work/mygithub/goweb-gin-demo/core/server.go:38	accept tcp [::]:8889: use of closed network connection
[goweb-demo]2021/11/02 - 15:08:07.925	[34minfo[0m	/Users/zero/work/mygithub/goweb-gin-demo/initialize/router.go:45	router register success
[goweb-demo]2021/11/02 - 15:08:07.927	[34minfo[0m	/Users/zero/work/mygithub/goweb-gin-demo/core/server.go:31	server run success on 	{"address": ":8888"}
[goweb-demo]2021/11/02 - 15:17:02.625	[34minfo[0m	/Users/zero/work/mygithub/goweb-gin-demo/initialize/router.go:45	router register success
[goweb-demo]2021/11/02 - 15:17:02.628	[34minfo[0m	/Users/zero/work/mygithub/goweb-gin-demo/core/server.go:31	server run success on 	{"address": ":8888"}
[goweb-demo]2021/11/02 - 15:34:46.466	[31merror[0m	/Users/zero/work/mygithub/goweb-gin-demo/api/web/user.go:36	登陆失败! 用户名不存在或者密码错误!	{"err": "invalid connection"}
[goweb-demo]2021/11/02 - 15:37:39.579	[34minfo[0m	/Users/zero/work/mygithub/goweb-gin-demo/initialize/router.go:45	router register success
[goweb-demo]2021/11/02 - 15:37:39.582	[34minfo[0m	/Users/zero/work/mygithub/goweb-gin-demo/core/server.go:31	server run success on 	{"address": ":8889"}
[goweb-demo]2021/11/02 - 15:54:23.350	[31merror[0m	/Users/zero/work/mygithub/goweb-gin-demo/core/server.go:38	accept tcp [::]:8889: use of closed network connection
[goweb-demo]2021/11/02 - 15:54:32.834	[34minfo[0m	/Users/zero/work/mygithub/goweb-gin-demo/initialize/router.go:45	router register success
[goweb-demo]2021/11/02 - 15:54:32.836	[34minfo[0m	/Users/zero/work/mygithub/goweb-gin-demo/core/server.go:31	server run success on 	{"address": ":8889"}
[goweb-demo]2021/11/02 - 16:06:12.308	[34minfo[0m	/Users/zero/work/mygithub/goweb-gin-demo/initialize/router.go:45	router register success
[goweb-demo]2021/11/02 - 16:06:12.309	[34minfo[0m	/Users/zero/work/mygithub/goweb-gin-demo/core/server.go:31	server run success on 	{"address": ":8889"}
[goweb-demo]2021/11/02 - 16:09:47.266	[31merror[0m	/Users/zero/work/mygithub/goweb-gin-demo/core/server.go:38	accept tcp [::]:8889: use of closed network connection
[goweb-demo]2021/11/02 - 16:09:54.752	[34minfo[0m	/Users/zero/work/mygithub/goweb-gin-demo/initialize/router.go:45	router register success
[goweb-demo]2021/11/02 - 16:09:54.755	[34minfo[0m	/Users/zero/work/mygithub/goweb-gin-demo/core/server.go:31	server run success on 	{"address": ":8889"}
[goweb-demo]2021/11/02 - 16:20:39.040	[31merror[0m	/Users/zero/work/mygithub/goweb-gin-demo/utils/upload/local.go:39	function os.MkdirAll() Filed	{"err": "mkdir : no such file or directory"}
[goweb-demo]2021/11/02 - 16:21:07.385	[31merror[0m	/Users/zero/work/mygithub/goweb-gin-demo/utils/upload/local.go:39	function os.MkdirAll() Filed	{"err": "mkdir : no such file or directory"}
[goweb-demo]2021/11/02 - 16:26:23.159	[31merror[0m	/Users/zero/work/mygithub/goweb-gin-demo/core/server.go:38	accept tcp [::]:8889: use of closed network connection
[goweb-demo]2021/11/02 - 16:26:31.302	[34minfo[0m	/Users/zero/work/mygithub/goweb-gin-demo/initialize/router.go:45	router register success
[goweb-demo]2021/11/02 - 16:26:31.306	[34minfo[0m	/Users/zero/work/mygithub/goweb-gin-demo/core/server.go:31	server run success on 	{"address": ":8889"}
[goweb-demo]2021/11/02 - 16:35:48.848	[31merror[0m	/Users/zero/work/mygithub/goweb-gin-demo/utils/upload/local.go:39	function os.MkdirAll() Filed	{"err": "mkdir : no such file or directory"}
[goweb-demo]2021/11/02 - 16:37:09.761	[34minfo[0m	/Users/zero/work/mygithub/goweb-gin-demo/initialize/router.go:45	router register success
[goweb-demo]2021/11/02 - 16:37:09.764	[34minfo[0m	/Users/zero/work/mygithub/goweb-gin-demo/core/server.go:31	server run success on 	{"address": ":8889"}
[goweb-demo]2021/11/02 - 16:37:17.352	[31merror[0m	/Users/zero/work/mygithub/goweb-gin-demo/api/web/file_upload_download.go:35	修改数据库链接失败!	{"err": "Error 1146: Table 'weekly_report.exa_file_upload_and_downloads' doesn't exist"}
[goweb-demo]2021/11/02 - 17:03:38.349	[34minfo[0m	/Users/zero/work/mygithub/goweb-gin-demo/initialize/router.go:45	router register success
[goweb-demo]2021/11/02 - 17:03:38.353	[34minfo[0m	/Users/zero/work/mygithub/goweb-gin-demo/core/server.go:31	server run success on 	{"address": ":8889"}
[goweb-demo]2021/11/02 - 17:14:21.779	[34minfo[0m	/Users/zero/work/mygithub/goweb-gin-demo/initialize/router.go:45	router register success
[goweb-demo]2021/11/02 - 17:14:21.782	[34minfo[0m	/Users/zero/work/mygithub/goweb-gin-demo/core/server.go:31	server run success on 	{"address": ":8889"}
[goweb-demo]2021/11/02 - 17:29:03.543	[31merror[0m	/Users/zero/work/mygithub/goweb-gin-demo/core/server.go:38	accept tcp [::]:8889: use of closed network connection
[goweb-demo]2021/11/02 - 17:29:11.545	[34minfo[0m	/Users/zero/work/mygithub/goweb-gin-demo/initialize/router.go:45	router register success
[goweb-demo]2021/11/02 - 17:29:11.552	[34minfo[0m	/Users/zero/work/mygithub/goweb-gin-demo/core/server.go:31	server run success on 	{"address": ":8889"}
[goweb-demo]2021/11/02 - 17:56:09.792	[31merror[0m	/Users/zero/work/mygithub/goweb-gin-demo/core/server.go:38	accept tcp [::]:8889: use of closed network connection
[goweb-demo]2021/11/02 - 17:56:20.437	[34minfo[0m	/Users/zero/work/mygithub/goweb-gin-demo/initialize/router.go:45	router register success
[goweb-demo]2021/11/02 - 17:56:20.440	[34minfo[0m	/Users/zero/work/mygithub/goweb-gin-demo/core/server.go:31	server run success on 	{"address": ":8889"}
[goweb-demo]2021/11/02 - 19:52:46.120	[34minfo[0m	/Users/zero/work/mygithub/goweb-gin-demo/initialize/router.go:45	router register success
[goweb-demo]2021/11/02 - 19:52:46.124	[34minfo[0m	/Users/zero/work/mygithub/goweb-gin-demo/core/server.go:31	server run success on 	{"address": ":8889"}
[goweb-demo]2021/11/02 - 19:53:04.183	[31merror[0m	/Users/zero/work/mygithub/goweb-gin-demo/core/server.go:38	accept tcp [::]:8889: use of closed network connection
[goweb-demo]2021/11/02 - 19:53:13.557	[34minfo[0m	/Users/zero/work/mygithub/goweb-gin-demo/initialize/router.go:45	router register success
[goweb-demo]2021/11/02 - 19:53:13.559	[34minfo[0m	/Users/zero/work/mygithub/goweb-gin-demo/core/server.go:31	server run success on 	{"address": ":8889"}
[goweb-demo]2021/11/02 - 19:54:22.978	[31merror[0m	/Users/zero/work/mygithub/goweb-gin-demo/core/server.go:38	accept tcp [::]:8889: use of closed network connection
[goweb-demo]2021/11/02 - 19:54:31.396	[34minfo[0m	/Users/zero/work/mygithub/goweb-gin-demo/initialize/router.go:45	router register success
[goweb-demo]2021/11/02 - 19:54:31.399	[34minfo[0m	/Users/zero/work/mygithub/goweb-gin-demo/core/server.go:31	server run success on 	{"address": ":8889"}
[goweb-demo]2021/11/02 - 19:56:09.819	[34minfo[0m	/Users/zero/work/mygithub/goweb-gin-demo/initialize/router.go:45	router register success
[goweb-demo]2021/11/02 - 19:56:09.822	[34minfo[0m	/Users/zero/work/mygithub/goweb-gin-demo/core/server.go:31	server run success on 	{"address": ":8889"}
[goweb-demo]2021/11/02 - 19:57:48.713	[34minfo[0m	/Users/zero/work/mygithub/goweb-gin-demo/initialize/router.go:45	router register success
[goweb-demo]2021/11/02 - 19:57:48.717	[34minfo[0m	/Users/zero/work/mygithub/goweb-gin-demo/core/server.go:31	server run success on 	{"address": ":8889"}
[goweb-demo]2021/11/02 - 19:58:18.069	[34minfo[0m	/Users/zero/work/mygithub/goweb-gin-demo/initialize/router.go:45	router register success
[goweb-demo]2021/11/02 - 19:58:18.070	[34minfo[0m	/Users/zero/work/mygithub/goweb-gin-demo/core/server.go:31	server run success on 	{"address": ":8889"}
[goweb-demo]2021/11/02 - 20:01:23.356	[31merror[0m	/Users/zero/work/mygithub/goweb-gin-demo/api/web/file_upload_download.go:58	文件未找到!	{"err": "Error 1064: You have an error in your SQL syntax; check the manual that corresponds to your MySQL server version for the right syntax to use near 'key = ? AND `file_upload_and_downloads`.`deleted_at` IS NULL ORDER BY `file_uplo' at line 1"}
[goweb-demo]2021/11/02 - 20:01:38.751	[31merror[0m	/Users/zero/work/mygithub/goweb-gin-demo/api/web/file_upload_download.go:58	文件未找到!	{"err": "Error 1064: You have an error in your SQL syntax; check the manual that corresponds to your MySQL server version for the right syntax to use near 'key = ? AND `file_upload_and_downloads`.`deleted_at` IS NULL ORDER BY `file_uplo' at line 1"}
[goweb-demo]2021/11/02 - 20:04:10.155	[34minfo[0m	/Users/zero/work/mygithub/goweb-gin-demo/initialize/router.go:45	router register success
[goweb-demo]2021/11/02 - 20:04:10.159	[34minfo[0m	/Users/zero/work/mygithub/goweb-gin-demo/core/server.go:31	server run success on 	{"address": ":8889"}
[goweb-demo]2021/11/02 - 20:07:53.705	[34minfo[0m	/Users/zero/work/mygithub/goweb-gin-demo/initialize/router.go:45	router register success
[goweb-demo]2021/11/02 - 20:07:53.709	[34minfo[0m	/Users/zero/work/mygithub/goweb-gin-demo/core/server.go:31	server run success on 	{"address": ":8889"}
[goweb-demo]2021/11/02 - 20:09:04.558	[34minfo[0m	/Users/zero/work/mygithub/goweb-gin-demo/initialize/router.go:45	router register success
[goweb-demo]2021/11/02 - 20:09:04.562	[34minfo[0m	/Users/zero/work/mygithub/goweb-gin-demo/core/server.go:31	server run success on 	{"address": ":8889"}
[goweb-demo]2021/11/02 - 20:09:44.609	[31merror[0m	/Users/zero/work/mygithub/goweb-gin-demo/api/web/file_upload_download.go:59	文件未找到!	{"err": "record not found"}
