[goweb-demo]2021/11/06 - 10:11:42.274	[34minfo[0m	/Users/zero/work/mygithub/goweb-gin-demo/initialize/router.go:48	router register success
[goweb-demo]2021/11/06 - 10:11:42.275	[34minfo[0m	/Users/zero/work/mygithub/goweb-gin-demo/core/server.go:31	server run success on 	{"address": ":8888"}
[goweb-demo]2021/11/06 - 10:43:57.249	[31merror[0m	/Users/zero/work/mygithub/goweb-gin-demo/core/server.go:38	accept tcp [::]:8888: use of closed network connection
[goweb-demo]2021/11/06 - 10:44:05.730	[34minfo[0m	/Users/zero/work/mygithub/goweb-gin-demo/initialize/router.go:48	router register success
[goweb-demo]2021/11/06 - 10:44:05.732	[34minfo[0m	/Users/zero/work/mygithub/goweb-gin-demo/core/server.go:31	server run success on 	{"address": ":8888"}
[goweb-demo]2021/11/06 - 10:45:19.011	[31merror[0m	/Users/zero/work/mygithub/goweb-gin-demo/api/wt/wt_reports.go:112	获取失败!	{"err": "Error 1064: You have an error in your SQL syntax; check the manual that corresponds to your MySQL server version for the right syntax to use near '? LIMIT ? OFFSET ?' at line 1; Error 1064: You have an error in your SQL syntax; check the manual that corresponds to your MySQL server version for the right syntax to use near '? LIMIT ? OFFSET ?' at line 1"}
[goweb-demo]2021/11/06 - 10:47:50.398	[31merror[0m	/Users/zero/work/mygithub/goweb-gin-demo/core/server.go:38	accept tcp [::]:8888: use of closed network connection
[goweb-demo]2021/11/06 - 10:47:55.698	[34minfo[0m	/Users/zero/work/mygithub/goweb-gin-demo/initialize/router.go:48	router register success
[goweb-demo]2021/11/06 - 10:47:55.700	[34minfo[0m	/Users/zero/work/mygithub/goweb-gin-demo/core/server.go:31	server run success on 	{"address": ":8888"}
[goweb-demo]2021/11/06 - 10:48:48.565	[31merror[0m	/Users/zero/work/mygithub/goweb-gin-demo/core/server.go:38	accept tcp [::]:8888: use of closed network connection
[goweb-demo]2021/11/06 - 10:48:54.356	[34minfo[0m	/Users/zero/work/mygithub/goweb-gin-demo/initialize/router.go:48	router register success
[goweb-demo]2021/11/06 - 10:48:54.357	[34minfo[0m	/Users/zero/work/mygithub/goweb-gin-demo/core/server.go:31	server run success on 	{"address": ":8888"}
[goweb-demo]2021/11/06 - 10:50:08.751	[31merror[0m	/Users/zero/work/mygithub/goweb-gin-demo/core/server.go:38	accept tcp [::]:8888: use of closed network connection
[goweb-demo]2021/11/06 - 10:50:20.800	[34minfo[0m	/Users/zero/work/mygithub/goweb-gin-demo/initialize/router.go:48	router register success
[goweb-demo]2021/11/06 - 10:50:20.802	[34minfo[0m	/Users/zero/work/mygithub/goweb-gin-demo/core/server.go:31	server run success on 	{"address": ":8888"}
[goweb-demo]2021/11/06 - 11:00:22.638	[34minfo[0m	/Users/zero/work/mygithub/goweb-gin-demo/initialize/router.go:48	router register success
[goweb-demo]2021/11/06 - 11:00:22.639	[34minfo[0m	/Users/zero/work/mygithub/goweb-gin-demo/core/server.go:31	server run success on 	{"address": ":8888"}
[goweb-demo]2021/11/06 - 11:13:24.300	[34minfo[0m	/Users/zero/work/mygithub/goweb-gin-demo/initialize/router.go:48	router register success
[goweb-demo]2021/11/06 - 11:13:24.301	[34minfo[0m	/Users/zero/work/mygithub/goweb-gin-demo/core/server.go:31	server run success on 	{"address": ":8888"}
[goweb-demo]2021/11/06 - 11:16:17.855	[34minfo[0m	/Users/zero/work/mygithub/goweb-gin-demo/initialize/router.go:48	router register success
[goweb-demo]2021/11/06 - 11:16:17.856	[34minfo[0m	/Users/zero/work/mygithub/goweb-gin-demo/core/server.go:31	server run success on 	{"address": ":8888"}
[goweb-demo]2021/11/06 - 11:46:45.341	[34minfo[0m	/Users/zero/work/mygithub/goweb-gin-demo/initialize/router.go:48	router register success
[goweb-demo]2021/11/06 - 11:46:45.342	[34minfo[0m	/Users/zero/work/mygithub/goweb-gin-demo/core/server.go:31	server run success on 	{"address": ":8888"}
[goweb-demo]2021/11/06 - 11:54:38.725	[31merror[0m	/Users/zero/work/mygithub/goweb-gin-demo/api/wt/wt_reports.go:112	获取失败!	{"err": "Error 1064: You have an error in your SQL syntax; check the manual that corresponds to your MySQL server version for the right syntax to use near '01:11:07 and created_at < 2021-11-04 01:11:07 LIMIT ? OFFSET ?' at line 1; Error 1064: You have an error in your SQL syntax; check the manual that corresponds to your MySQL server version for the right syntax to use near '01:11:07 and created_at < 2021-11-04 01:11:07 LIMIT ? OFFSET ?' at line 1"}
[goweb-demo]2021/11/06 - 12:07:22.762	[34minfo[0m	/Users/zero/work/mygithub/goweb-gin-demo/initialize/router.go:48	router register success
[goweb-demo]2021/11/06 - 12:07:22.764	[34minfo[0m	/Users/zero/work/mygithub/goweb-gin-demo/core/server.go:31	server run success on 	{"address": ":8888"}
[goweb-demo]2021/11/06 - 12:08:00.945	[34minfo[0m	/Users/zero/work/mygithub/goweb-gin-demo/initialize/router.go:48	router register success
[goweb-demo]2021/11/06 - 12:08:00.946	[34minfo[0m	/Users/zero/work/mygithub/goweb-gin-demo/core/server.go:31	server run success on 	{"address": ":8888"}
[goweb-demo]2021/11/06 - 12:08:09.023	[31merror[0m	/Users/zero/work/mygithub/goweb-gin-demo/api/wt/wt_reports.go:112	获取失败!	{"err": "Error 1064: You have an error in your SQL syntax; check the manual that corresponds to your MySQL server version for the right syntax to use near '=< '2021-11-04 03:11:08' LIMIT ? OFFSET ?' at line 1; Error 1064: You have an error in your SQL syntax; check the manual that corresponds to your MySQL server version for the right syntax to use near '=< '2021-11-04 03:11:08' LIMIT ? OFFSET ?' at line 1"}
[goweb-demo]2021/11/06 - 12:08:11.324	[31merror[0m	/Users/zero/work/mygithub/goweb-gin-demo/api/wt/wt_reports.go:112	获取失败!	{"err": "Error 1064: You have an error in your SQL syntax; check the manual that corresponds to your MySQL server version for the right syntax to use near '=< '2021-11-04 03:11:08' LIMIT ? OFFSET ?' at line 1; Error 1064: You have an error in your SQL syntax; check the manual that corresponds to your MySQL server version for the right syntax to use near '=< '2021-11-04 03:11:08' LIMIT ? OFFSET ?' at line 1"}
[goweb-demo]2021/11/06 - 12:08:12.506	[31merror[0m	/Users/zero/work/mygithub/goweb-gin-demo/api/wt/wt_reports.go:112	获取失败!	{"err": "Error 1064: You have an error in your SQL syntax; check the manual that corresponds to your MySQL server version for the right syntax to use near '=< '2021-11-04 03:11:08' LIMIT ? OFFSET ?' at line 1; Error 1064: You have an error in your SQL syntax; check the manual that corresponds to your MySQL server version for the right syntax to use near '=< '2021-11-04 03:11:08' LIMIT ? OFFSET ?' at line 1"}
[goweb-demo]2021/11/06 - 12:08:13.597	[31merror[0m	/Users/zero/work/mygithub/goweb-gin-demo/api/wt/wt_reports.go:112	获取失败!	{"err": "Error 1064: You have an error in your SQL syntax; check the manual that corresponds to your MySQL server version for the right syntax to use near '=< '2021-11-04 03:11:08' LIMIT ? OFFSET ?' at line 1; Error 1064: You have an error in your SQL syntax; check the manual that corresponds to your MySQL server version for the right syntax to use near '=< '2021-11-04 03:11:08' LIMIT ? OFFSET ?' at line 1"}
[goweb-demo]2021/11/06 - 12:12:50.758	[34minfo[0m	/Users/zero/work/mygithub/goweb-gin-demo/initialize/router.go:48	router register success
[goweb-demo]2021/11/06 - 12:12:50.759	[34minfo[0m	/Users/zero/work/mygithub/goweb-gin-demo/core/server.go:31	server run success on 	{"address": ":8888"}
