[goweb-demo]2021/11/08 - 12:14:36.981	[34minfo[0m	/Users/zero/work/mygithub/goweb-gin-demo/initialize/router.go:49	router register success
[goweb-demo]2021/11/08 - 12:14:36.983	[34minfo[0m	/Users/zero/work/mygithub/goweb-gin-demo/core/server.go:31	server run success on 	{"address": ":8888"}
[goweb-demo]2021/11/08 - 12:28:34.488	[31merror[0m	/Users/zero/work/mygithub/goweb-gin-demo/core/server.go:38	accept tcp [::]:8888: use of closed network connection
[goweb-demo]2021/11/08 - 14:02:44.346	[34minfo[0m	/Users/zero/work/mygithub/goweb-gin-demo/initialize/router.go:49	router register success
[goweb-demo]2021/11/08 - 14:02:44.348	[34minfo[0m	/Users/zero/work/mygithub/goweb-gin-demo/core/server.go:31	server run success on 	{"address": ":8888"}
[goweb-demo]2021/11/08 - 14:02:47.047	[31merror[0m	/Users/zero/work/mygithub/goweb-gin-demo/core/server.go:38	accept tcp [::]:8888: use of closed network connection
[goweb-demo]2021/11/08 - 14:12:12.848	[34minfo[0m	/Users/zero/work/mygithub/goweb-gin-demo/initialize/router.go:49	router register success
[goweb-demo]2021/11/08 - 14:12:12.850	[34minfo[0m	/Users/zero/work/mygithub/goweb-gin-demo/core/server.go:31	server run success on 	{"address": ":8888"}
[goweb-demo]2021/11/08 - 14:14:15.070	[31merror[0m	/Users/zero/work/mygithub/goweb-gin-demo/core/server.go:38	accept tcp [::]:8888: use of closed network connection
[goweb-demo]2021/11/08 - 14:14:20.862	[34minfo[0m	/Users/zero/work/mygithub/goweb-gin-demo/initialize/router.go:49	router register success
[goweb-demo]2021/11/08 - 14:14:20.864	[34minfo[0m	/Users/zero/work/mygithub/goweb-gin-demo/core/server.go:31	server run success on 	{"address": ":8888"}
[goweb-demo]2021/11/08 - 14:20:36.683	[31merror[0m	/Users/zero/work/mygithub/goweb-gin-demo/core/server.go:38	accept tcp [::]:8888: use of closed network connection
[goweb-demo]2021/11/08 - 14:20:45.368	[34minfo[0m	/Users/zero/work/mygithub/goweb-gin-demo/initialize/router.go:49	router register success
[goweb-demo]2021/11/08 - 14:20:45.370	[34minfo[0m	/Users/zero/work/mygithub/goweb-gin-demo/core/server.go:31	server run success on 	{"address": ":8888"}
[goweb-demo]2021/11/08 - 14:21:16.721	[34minfo[0m	/Users/zero/work/mygithub/goweb-gin-demo/initialize/router.go:49	router register success
[goweb-demo]2021/11/08 - 14:21:16.722	[34minfo[0m	/Users/zero/work/mygithub/goweb-gin-demo/core/server.go:31	server run success on 	{"address": ":8888"}
[goweb-demo]2021/11/08 - 14:21:16.723	[31merror[0m	/Users/zero/work/mygithub/goweb-gin-demo/core/server.go:38	net.Listen error: listen tcp :8888: bind: address already in use
[goweb-demo]2021/11/08 - 14:21:34.191	[34minfo[0m	/Users/zero/work/mygithub/goweb-gin-demo/initialize/router.go:49	router register success
[goweb-demo]2021/11/08 - 14:21:34.192	[34minfo[0m	/Users/zero/work/mygithub/goweb-gin-demo/core/server.go:31	server run success on 	{"address": ":8888"}
[goweb-demo]2021/11/08 - 14:29:44.657	[34minfo[0m	/Users/zero/work/mygithub/goweb-gin-demo/initialize/router.go:49	router register success
[goweb-demo]2021/11/08 - 14:29:44.659	[34minfo[0m	/Users/zero/work/mygithub/goweb-gin-demo/core/server.go:31	server run success on 	{"address": ":8888"}
[goweb-demo]2021/11/08 - 14:30:50.225	[34minfo[0m	/Users/zero/work/mygithub/goweb-gin-demo/initialize/router.go:49	router register success
[goweb-demo]2021/11/08 - 14:30:50.227	[34minfo[0m	/Users/zero/work/mygithub/goweb-gin-demo/core/server.go:31	server run success on 	{"address": ":8888"}
[goweb-demo]2021/11/08 - 14:31:22.634	[34minfo[0m	/Users/zero/work/mygithub/goweb-gin-demo/initialize/router.go:49	router register success
[goweb-demo]2021/11/08 - 14:31:22.636	[34minfo[0m	/Users/zero/work/mygithub/goweb-gin-demo/core/server.go:31	server run success on 	{"address": ":8888"}
[goweb-demo]2021/11/08 - 14:35:04.091	[34minfo[0m	/Users/zero/work/mygithub/goweb-gin-demo/initialize/router.go:49	router register success
[goweb-demo]2021/11/08 - 14:35:04.092	[34minfo[0m	/Users/zero/work/mygithub/goweb-gin-demo/core/server.go:31	server run success on 	{"address": ":8888"}
[goweb-demo]2021/11/08 - 14:35:46.073	[34minfo[0m	/Users/zero/work/mygithub/goweb-gin-demo/initialize/router.go:49	router register success
[goweb-demo]2021/11/08 - 14:35:46.077	[34minfo[0m	/Users/zero/work/mygithub/goweb-gin-demo/core/server.go:31	server run success on 	{"address": ":8888"}
[goweb-demo]2021/11/08 - 14:36:25.242	[34minfo[0m	/Users/zero/work/mygithub/goweb-gin-demo/initialize/router.go:49	router register success
[goweb-demo]2021/11/08 - 14:36:25.243	[34minfo[0m	/Users/zero/work/mygithub/goweb-gin-demo/core/server.go:31	server run success on 	{"address": ":8888"}
[goweb-demo]2021/11/08 - 14:37:34.938	[34minfo[0m	/Users/zero/work/mygithub/goweb-gin-demo/initialize/router.go:49	router register success
[goweb-demo]2021/11/08 - 14:37:34.940	[34minfo[0m	/Users/zero/work/mygithub/goweb-gin-demo/core/server.go:31	server run success on 	{"address": ":8888"}
[goweb-demo]2021/11/08 - 14:38:58.383	[31merror[0m	/Users/zero/work/mygithub/goweb-gin-demo/api/wt/wt_output.go:29	查询失败!	{"err": "Error 1064: You have an error in your SQL syntax; check the manual that corresponds to your MySQL server version for the right syntax to use near '09:00:00 and created_at <= 2021-11-08 09:00:00 and user_id in (?) ) AND `wt_repo' at line 1; Error 1064: You have an error in your SQL syntax; check the manual that corresponds to your MySQL server version for the right syntax to use near '09:00:00 and created_at <= 2021-11-08 09:00:00 and user_id in (?) ) AND `wt_repo' at line 1"}
[goweb-demo]2021/11/08 - 14:39:03.140	[31merror[0m	/Users/zero/work/mygithub/goweb-gin-demo/api/wt/wt_output.go:29	查询失败!	{"err": "Error 1064: You have an error in your SQL syntax; check the manual that corresponds to your MySQL server version for the right syntax to use near '09:00:00 and created_at <= 2021-11-08 09:00:00 and user_id in (?) ) AND `wt_repo' at line 1; Error 1064: You have an error in your SQL syntax; check the manual that corresponds to your MySQL server version for the right syntax to use near '09:00:00 and created_at <= 2021-11-08 09:00:00 and user_id in (?) ) AND `wt_repo' at line 1"}
[goweb-demo]2021/11/08 - 14:42:14.586	[34minfo[0m	/Users/zero/work/mygithub/goweb-gin-demo/initialize/router.go:49	router register success
[goweb-demo]2021/11/08 - 14:42:14.588	[34minfo[0m	/Users/zero/work/mygithub/goweb-gin-demo/core/server.go:31	server run success on 	{"address": ":8888"}
[goweb-demo]2021/11/08 - 14:45:36.235	[31merror[0m	/Users/zero/work/mygithub/goweb-gin-demo/api/wt/wt_rules.go:30	创建失败!	{"err": "Error 1364: Field 'id' doesn't have a default value"}
[goweb-demo]2021/11/08 - 14:46:19.749	[31merror[0m	/Users/zero/work/mygithub/goweb-gin-demo/api/wt/wt_rules.go:30	创建失败!	{"err": "Error 1364: Field 'id' doesn't have a default value"}
[goweb-demo]2021/11/08 - 14:53:12.360	[34minfo[0m	/Users/zero/work/mygithub/goweb-gin-demo/initialize/router.go:49	router register success
[goweb-demo]2021/11/08 - 14:53:12.361	[34minfo[0m	/Users/zero/work/mygithub/goweb-gin-demo/core/server.go:31	server run success on 	{"address": ":8888"}
[goweb-demo]2021/11/08 - 15:04:15.664	[34minfo[0m	/Users/zero/work/mygithub/goweb-gin-demo/initialize/router.go:49	router register success
[goweb-demo]2021/11/08 - 15:04:15.665	[34minfo[0m	/Users/zero/work/mygithub/goweb-gin-demo/core/server.go:31	server run success on 	{"address": ":8888"}
[goweb-demo]2021/11/08 - 15:06:04.502	[34minfo[0m	/Users/zero/work/mygithub/goweb-gin-demo/initialize/router.go:49	router register success
[goweb-demo]2021/11/08 - 15:06:04.503	[34minfo[0m	/Users/zero/work/mygithub/goweb-gin-demo/core/server.go:31	server run success on 	{"address": ":8888"}
